# JRE version: OpenJDK Runtime Environment (21.0.5) (build 21.0.5+-13047016-b750.29)
# Java VM: OpenJDK 64-Bit Server VM (21.0.5+-13047016-b750.29, mixed mode, tiered, compressed oops, compressed class ptrs, g1 gc, windows-amd64)
GC Precious Log:
 CardTable entry size: 512
 Card Set container configuration: InlinePtr #cards 5 size 8 Array Of Cards #cards 12 size 40 Howl #buckets 4 coarsen threshold 1843 Howl Bitmap #cards 512 size 80 coarsen threshold 460 Card regions per heap region 1 cards per card region 2048
 CPUs: 6 total, 6 available
 Memory: 7550M
 Large Page Support: Disabled
 NUMA Support: Disabled
 Compressed Oops: Enabled (32-bit)
 Heap Region Size: 1M
 Heap Min Capacity: 8M
 Heap Initial Capacity: 118M
 Heap Max Capacity: 2G
 Pre-touch: Disabled
 Parallel Workers: 6
 Concurrent Workers: 2
 Concurrent Refinement Workers: 6
 Periodic GC: Disabled
Heap:
 garbage-first heap   total 407552K, used 234708K [0x0000000080000000, 0x0000000100000000)
  region size 1024K, 19 young (19456K), 19 survivors (19456K)
 Metaspace       used 168509K, committed 170240K, reserved 1245184K
  class space    used 21784K, committed 22848K, reserved 1048576K
GC Heap History (20 events):
Event: 5192.985 GC heap after
{Heap after GC invocations=79 (full 0):
 garbage-first heap   total 729088K, used 317440K [0x0000000080000000, 0x0000000100000000)
  region size 1024K, 33 young (33792K), 33 survivors (33792K)
 Metaspace       used 165620K, committed 167616K, reserved 1245184K
  class space    used 21538K, committed 22848K, reserved 1048576K
}
Event: 5193.323 GC heap before
{Heap before GC invocations=79 (full 0):
 garbage-first heap   total 729088K, used 366592K [0x0000000080000000, 0x0000000100000000)
  region size 1024K, 83 young (84992K), 33 survivors (33792K)
 Metaspace       used 165657K, committed 167680K, reserved 1245184K
  class space    used 21539K, committed 22848K, reserved 1048576K
}
Event: 5193.347 GC heap after
{Heap after GC invocations=80 (full 0):
 garbage-first heap   total 729088K, used 332186K [0x0000000080000000, 0x0000000100000000)
  region size 1024K, 16 young (16384K), 16 survivors (16384K)
 Metaspace       used 165657K, committed 167680K, reserved 1245184K
  class space    used 21539K, committed 22848K, reserved 1048576K
}
Event: 5204.037 GC heap before
{Heap before GC invocations=81 (full 0):
 garbage-first heap   total 729088K, used 505242K [0x0000000080000000, 0x0000000100000000)
  region size 1024K, 208 young (212992K), 16 survivors (16384K)
 Metaspace       used 166714K, committed 168640K, reserved 1245184K
  class space    used 21631K, committed 22848K, reserved 1048576K
}
Event: 5204.049 GC heap after
{Heap after GC invocations=82 (full 0):
 garbage-first heap   total 729088K, used 290906K [0x0000000080000000, 0x0000000100000000)
  region size 1024K, 9 young (9216K), 9 survivors (9216K)
 Metaspace       used 166714K, committed 168640K, reserved 1245184K
  class space    used 21631K, committed 22848K, reserved 1048576K
}
Event: 6158.904 GC heap before
{Heap before GC invocations=82 (full 0):
 garbage-first heap   total 729088K, used 572506K [0x0000000080000000, 0x0000000100000000)
  region size 1024K, 246 young (251904K), 9 survivors (9216K)
 Metaspace       used 168726K, committed 170368K, reserved 1245184K
  class space    used 21906K, committed 22848K, reserved 1048576K
}
Event: 6159.215 GC heap after
{Heap after GC invocations=83 (full 0):
 garbage-first heap   total 729088K, used 264382K [0x0000000080000000, 0x0000000100000000)
  region size 1024K, 6 young (6144K), 6 survivors (6144K)
 Metaspace       used 168726K, committed 170368K, reserved 1245184K
  class space    used 21906K, committed 22848K, reserved 1048576K
}
Event: 8793.664 GC heap before
{Heap before GC invocations=83 (full 0):
 garbage-first heap   total 729088K, used 313534K [0x0000000080000000, 0x0000000100000000)
  region size 1024K, 55 young (56320K), 6 survivors (6144K)
 Metaspace       used 168738K, committed 170368K, reserved 1245184K
  class space    used 21906K, committed 22848K, reserved 1048576K
}
Event: 8794.267 GC heap after
{Heap after GC invocations=84 (full 1):
 garbage-first heap   total 375808K, used 109984K [0x0000000080000000, 0x0000000100000000)
  region size 1024K, 0 young (0K), 0 survivors (0K)
 Metaspace       used 168469K, committed 170176K, reserved 1245184K
  class space    used 21884K, committed 22848K, reserved 1048576K
}
Event: 12394.282 GC heap before
{Heap before GC invocations=84 (full 1):
 garbage-first heap   total 375808K, used 250272K [0x0000000080000000, 0x0000000100000000)
  region size 1024K, 139 young (142336K), 0 survivors (0K)
 Metaspace       used 168583K, committed 170240K, reserved 1245184K
  class space    used 21888K, committed 22848K, reserved 1048576K
}
Event: 12394.857 GC heap after
{Heap after GC invocations=85 (full 2):
 garbage-first heap   total 358400K, used 103700K [0x0000000080000000, 0x0000000100000000)
  region size 1024K, 0 young (0K), 0 survivors (0K)
 Metaspace       used 167911K, committed 170240K, reserved 1245184K
  class space    used 21760K, committed 22848K, reserved 1048576K
}
Event: 13258.426 GC heap before
{Heap before GC invocations=85 (full 2):
 garbage-first heap   total 358400K, used 246036K [0x0000000080000000, 0x0000000100000000)
  region size 1024K, 141 young (144384K), 0 survivors (0K)
 Metaspace       used 168133K, committed 170240K, reserved 1245184K
  class space    used 21773K, committed 22848K, reserved 1048576K
}
Event: 13258.473 GC heap after
{Heap after GC invocations=86 (full 2):
 garbage-first heap   total 358400K, used 125204K [0x0000000080000000, 0x0000000100000000)
  region size 1024K, 20 young (20480K), 20 survivors (20480K)
 Metaspace       used 168133K, committed 170240K, reserved 1245184K
  class space    used 21773K, committed 22848K, reserved 1048576K
}
Event: 13260.027 GC heap before
{Heap before GC invocations=87 (full 2):
 garbage-first heap   total 358400K, used 304404K [0x0000000080000000, 0x0000000100000000)
  region size 1024K, 165 young (168960K), 20 survivors (20480K)
 Metaspace       used 168189K, committed 170240K, reserved 1245184K
  class space    used 21774K, committed 22848K, reserved 1048576K
}
Event: 13260.091 GC heap after
{Heap after GC invocations=88 (full 2):
 garbage-first heap   total 358400K, used 149711K [0x0000000080000000, 0x0000000100000000)
  region size 1024K, 21 young (21504K), 21 survivors (21504K)
 Metaspace       used 168189K, committed 170240K, reserved 1245184K
  class space    used 21774K, committed 22848K, reserved 1048576K
}
Event: 13260.248 GC heap before
{Heap before GC invocations=88 (full 2):
 garbage-first heap   total 358400K, used 199887K [0x0000000080000000, 0x0000000100000000)
  region size 1024K, 70 young (71680K), 21 survivors (21504K)
 Metaspace       used 168211K, committed 170240K, reserved 1245184K
  class space    used 21774K, committed 22848K, reserved 1048576K
}
Event: 13260.265 GC heap after
{Heap after GC invocations=89 (full 2):
 garbage-first heap   total 358400K, used 152788K [0x0000000080000000, 0x0000000100000000)
  region size 1024K, 6 young (6144K), 6 survivors (6144K)
 Metaspace       used 168211K, committed 170240K, reserved 1245184K
  class space    used 21774K, committed 22848K, reserved 1048576K
}
Event: 13260.990 GC heap before
{Heap before GC invocations=89 (full 2):
 garbage-first heap   total 358400K, used 222420K [0x0000000080000000, 0x0000000100000000)
  region size 1024K, 76 young (77824K), 6 survivors (6144K)
 Metaspace       used 168490K, committed 170240K, reserved 1245184K
  class space    used 21784K, committed 22848K, reserved 1048576K
}
Event: 13260.996 GC heap after
{Heap after GC invocations=90 (full 2):
 garbage-first heap   total 358400K, used 153016K [0x0000000080000000, 0x0000000100000000)
  region size 1024K, 6 young (6144K), 6 survivors (6144K)
 Metaspace       used 168490K, committed 170240K, reserved 1245184K
  class space    used 21784K, committed 22848K, reserved 1048576K
}
Event: 13262.021 GC heap before
{Heap before GC invocations=91 (full 2):
 garbage-first heap   total 358400K, used 337336K [0x0000000080000000, 0x0000000100000000)
  region size 1024K, 145 young (148480K), 6 survivors (6144K)
 Metaspace       used 168509K, committed 170240K, reserved 1245184K
  class space    used 21784K, committed 22848K, reserved 1048576K
}

